info: ::1 - - [26/Sep/2024:07:52:04 +0000] "POST /api/v1/users HTTP/1.1" 202 298 "-" "PostmanRuntime/7.42.0"

info: ::1 - - [26/Sep/2024:08:02:16 +0000] "POST /api/v1/users/login HTTP/1.1" 201 227 "-" "PostmanRuntime/7.42.0"

info: ::1 - - [26/Sep/2024:08:02:55 +0000] "POST /api/v1/users/forgetPassword HTTP/1.1" 500 35 "-" "PostmanRuntime/7.42.0"

info: ::1 - - [26/Sep/2024:08:08:22 +0000] "POST /api/v1/users/forgetPassword HTTP/1.1" 202 55 "-" "PostmanRuntime/7.42.0"

info: ::1 - - [26/Sep/2024:08:09:46 +0000] "POST /api/v1/users/resetPassword/ritik5@gmail.com HTTP/1.1" 400 58 "-" "PostmanRuntime/7.42.0"

info: ::1 - - [26/Sep/2024:08:10:21 +0000] "POST /api/v1/users/resetPassword/mppscpriyanshu06@gmail.com HTTP/1.1" 202 305 "-" "PostmanRuntime/7.42.0"

info: ::1 - - [26/Sep/2024:09:06:51 +0000] "POST /api/v1/users HTTP/1.1" 500 126 "-" "PostmanRuntime/7.42.0"

info: ::1 - - [26/Sep/2024:09:12:09 +0000] "POST /api/v1/users HTTP/1.1" 500 89 "-" "PostmanRuntime/7.42.0"

info: ::1 - - [26/Sep/2024:09:12:39 +0000] "POST /api/v1/users HTTP/1.1" 500 162 "-" "PostmanRuntime/7.42.0"

info: ::1 - - [26/Sep/2024:09:13:06 +0000] "POST /api/v1/users HTTP/1.1" 202 298 "-" "PostmanRuntime/7.42.0"

info: ::1 - - [26/Sep/2024:09:25:19 +0000] "POST /api/v1/users/resetPassword/mppscpriyanshu06@gmail.com HTTP/1.1" 500 92 "-" "PostmanRuntime/7.42.0"

info: ::1 - - [26/Sep/2024:09:25:26 +0000] "POST /api/v1/users/resetPassword/mppscpriyanshu06@gmail.com HTTP/1.1" 500 165 "-" "PostmanRuntime/7.42.0"

info: ::1 - - [26/Sep/2024:09:27:07 +0000] "POST /api/v1/users/resetPassword/mppscpriyanshu06@gmail.com HTTP/1.1" 500 148 "-" "PostmanRuntime/7.42.0"

info: ::1 - - [26/Sep/2024:09:27:30 +0000] "POST /api/v1/users/resetPassword/mppscpriyanshu06@gmail.com HTTP/1.1" 500 57 "-" "PostmanRuntime/7.42.0"

info: ::1 - - [26/Sep/2024:09:27:53 +0000] "POST /api/v1/users/resetPassword/mppscpriyanshu06@gmail.com HTTP/1.1" 500 57 "-" "PostmanRuntime/7.42.0"

info: ::1 - - [26/Sep/2024:09:29:06 +0000] "POST /api/v1/users/resetPassword/mppscpriyanshu06@gmail.com HTTP/1.1" 500 57 "-" "PostmanRuntime/7.42.0"

info: ::1 - - [26/Sep/2024:09:40:05 +0000] "POST /api/v1/users/resetPassword/mppscpriyanshu06@gmail.com HTTP/1.1" 500 54 "-" "PostmanRuntime/7.42.0"

info: ::1 - - [26/Sep/2024:09:41:11 +0000] "POST /api/v1/users/resetPassword/mppscpriyanshu06@gmail.com HTTP/1.1" 500 54 "-" "PostmanRuntime/7.42.0"

info: ::1 - - [26/Sep/2024:09:41:49 +0000] "POST /api/v1/users/resetPassword/mppscpriyanshu06@gmail.com HTTP/1.1" 500 57 "-" "PostmanRuntime/7.42.0"

info: ::1 - - [26/Sep/2024:09:41:57 +0000] "POST /api/v1/users/forgetPassword HTTP/1.1" 202 75 "-" "PostmanRuntime/7.42.0"

info: ::1 - - [26/Sep/2024:09:42:42 +0000] "POST /api/v1/users/resetPassword/mppscpriyanshu06@gmail.com HTTP/1.1" 500 57 "-" "PostmanRuntime/7.42.0"

info: ::1 - - [26/Sep/2024:09:45:11 +0000] "POST /api/v1/users/resetPassword/mppscpriyanshu06@gmail.com HTTP/1.1" 500 79 "-" "PostmanRuntime/7.42.0"

info: ::1 - - [26/Sep/2024:09:45:21 +0000] "POST /api/v1/users/resetPassword/mppscpriyanshu06@gmail.com HTTP/1.1" 500 148 "-" "PostmanRuntime/7.42.0"

info: ::1 - - [26/Sep/2024:09:46:12 +0000] "POST /api/v1/users/resetPassword/mppscpriyanshu06@gmail.com HTTP/1.1" 500 148 "-" "PostmanRuntime/7.42.0"

info: ::1 - - [26/Sep/2024:09:46:33 +0000] "POST /api/v1/users/resetPassword/mppscpriyanshu06@gmail.com HTTP/1.1" 500 148 "-" "PostmanRuntime/7.42.0"

info: ::1 - - [26/Sep/2024:09:46:46 +0000] "POST /api/v1/users/resetPassword/mppscpriyanshu06@gmail.com HTTP/1.1" 500 57 "-" "PostmanRuntime/7.42.0"

info: ::1 - - [26/Sep/2024:09:51:30 +0000] "POST /api/v1/users/resetPassword/mppscpriyanshu06@gmail.com HTTP/1.1" 500 57 "-" "PostmanRuntime/7.42.0"

info: ::1 - - [26/Sep/2024:09:53:23 +0000] "POST /api/v1/users/resetPassword/mppscpriyanshu06@gmail.com HTTP/1.1" 400 51 "-" "PostmanRuntime/7.42.0"

info: ::1 - - [26/Sep/2024:09:54:29 +0000] "POST /api/v1/users/resetPassword/mppscpriyanshu06@gmail.com HTTP/1.1" 400 51 "-" "PostmanRuntime/7.42.0"

info: ::1 - - [26/Sep/2024:09:55:48 +0000] "POST /api/v1/users/forgetPassword HTTP/1.1" 202 75 "-" "PostmanRuntime/7.42.0"

info: ::1 - - [26/Sep/2024:09:56:55 +0000] "POST /api/v1/users/resetPassword/mppscpriyanshu06@gmail.com HTTP/1.1" 400 51 "-" "PostmanRuntime/7.42.0"

info: ::1 - - [26/Sep/2024:09:58:05 +0000] "POST /api/v1/users/resetPassword/mppscpriyanshu06@gmail.com HTTP/1.1" 400 51 "-" "PostmanRuntime/7.42.0"

info: ::1 - - [26/Sep/2024:10:00:07 +0000] "POST /api/v1/users/resetPassword/mppscpriyanshu06@gmail.com HTTP/1.1" 400 51 "-" "PostmanRuntime/7.42.0"

info: ::1 - - [26/Sep/2024:10:01:35 +0000] "POST /api/v1/users/resetPassword/mppscpriyanshu06@gmail.com HTTP/1.1" 400 51 "-" "PostmanRuntime/7.42.0"

info: ::1 - - [26/Sep/2024:10:03:46 +0000] "POST /api/v1/users/resetPassword/mppscpriyanshu06@gmail.com HTTP/1.1" 500 35 "-" "PostmanRuntime/7.42.0"

info: ::1 - - [26/Sep/2024:10:04:04 +0000] "POST /api/v1/users/resetPassword/mppscpriyanshu06@gmail.com HTTP/1.1" 500 35 "-" "PostmanRuntime/7.42.0"

info: ::1 - - [26/Sep/2024:10:11:16 +0000] "POST /api/v1/users/resetPassword/mppscpriyanshu06@gmail.com HTTP/1.1" 400 51 "-" "PostmanRuntime/7.42.0"

info: ::1 - - [26/Sep/2024:10:12:20 +0000] "POST /api/v1/users/resetPassword/mppscpriyanshu06@gmail.com HTTP/1.1" 400 51 "-" "PostmanRuntime/7.42.0"

info: ::1 - - [26/Sep/2024:10:12:54 +0000] "POST /api/v1/users/resetPassword/mppscpriyanshu06@gmail.com HTTP/1.1" 400 51 "-" "PostmanRuntime/7.42.0"

