info: ::1 - - [27/Sep/2024:05:22:31 +0000] "POST /api/v1/users/resetPassword/mppscpriyanshu06@gmail.com HTTP/1.1" 400 51 "-" "PostmanRuntime/7.42.0"

info: ::1 - - [27/Sep/2024:05:25:14 +0000] "POST /api/v1/users/resetPassword/mppscpriyanshu06@gmail.com HTTP/1.1" 400 51 "-" "PostmanRuntime/7.42.0"

info: ::1 - - [27/Sep/2024:05:25:23 +0000] "POST /api/v1/users/forgetPassword HTTP/1.1" 202 75 "-" "PostmanRuntime/7.42.0"

info: ::1 - - [27/Sep/2024:05:26:18 +0000] "POST /api/v1/users/resetPassword/mppscpriyanshu06@gmail.com HTTP/1.1" 202 305 "-" "PostmanRuntime/7.42.0"

info: ::1 - - [27/Sep/2024:05:27:22 +0000] "POST /api/v1/users/resetPassword/mppscpriyanshu06@gmail.com HTTP/1.1" 400 51 "-" "PostmanRuntime/7.42.0"

info: ::1 - - [27/Sep/2024:05:27:39 +0000] "POST /api/v1/users/resetPassword/mppscpriyanshu06@gmail.com HTTP/1.1" 500 148 "-" "PostmanRuntime/7.42.0"

info: ::1 - - [27/Sep/2024:06:47:32 +0000] "GET /api/v1/notes/getAllNotes HTTP/1.1" 400 59 "-" "PostmanRuntime/7.42.0"

info: ::1 - - [27/Sep/2024:06:47:40 +0000] "POST /api/v1/users/login HTTP/1.1" 400 61 "-" "PostmanRuntime/7.42.0"

info: ::1 - - [27/Sep/2024:06:47:56 +0000] "POST /api/v1/users/login HTTP/1.1" 201 227 "-" "PostmanRuntime/7.42.0"

info: ::1 - - [27/Sep/2024:06:48:10 +0000] "GET /api/v1/notes/getAllNotes HTTP/1.1" 400 59 "-" "PostmanRuntime/7.42.0"

info: ::1 - - [27/Sep/2024:06:48:37 +0000] "POST /api/v1/notes/createNote HTTP/1.1" 202 279 "-" "PostmanRuntime/7.42.0"

info: ::1 - - [27/Sep/2024:06:48:45 +0000] "GET /api/v1/notes/getAllNotes HTTP/1.1" 202 282 "-" "PostmanRuntime/7.42.0"

info: ::1 - - [27/Sep/2024:06:49:02 +0000] "GET /api/v1/notes/getAllNotes HTTP/1.1" 202 291 "-" "PostmanRuntime/7.42.0"

info: ::1 - - [27/Sep/2024:06:50:33 +0000] "POST /api/v1/notes/createNote HTTP/1.1" 202 279 "-" "PostmanRuntime/7.42.0"

info: ::1 - - [27/Sep/2024:06:50:43 +0000] "GET /api/v1/notes/getAllNotes HTTP/1.1" 202 291 "-" "PostmanRuntime/7.42.0"

info: ::1 - - [27/Sep/2024:06:52:28 +0000] "PUT /api/v1/notes/updateNote/1 HTTP/1.1" 202 288 "-" "PostmanRuntime/7.42.0"

info: ::1 - - [27/Sep/2024:06:52:42 +0000] "GET /api/v1/notes/getAllNotes HTTP/1.1" 202 291 "-" "PostmanRuntime/7.42.0"

info: ::1 - - [27/Sep/2024:06:53:15 +0000] "DELETE /api/v1/notes/deleteNote/1 HTTP/1.1" 202 293 "-" "PostmanRuntime/7.42.0"

info: ::1 - - [27/Sep/2024:06:53:30 +0000] "GET /api/v1/notes/getAllNotes HTTP/1.1" 202 291 "-" "PostmanRuntime/7.42.0"

info: ::1 - - [27/Sep/2024:06:58:41 +0000] "GET /api/v1/notes/getAllNotes HTTP/1.1" 202 291 "-" "PostmanRuntime/7.42.0"

info: ::1 - - [27/Sep/2024:06:59:06 +0000] "POST /api/v1/notes/createNote HTTP/1.1" 202 279 "-" "PostmanRuntime/7.42.0"

info: ::1 - - [27/Sep/2024:06:59:20 +0000] "GET /api/v1/notes/getAllNotes HTTP/1.1" 202 730 "-" "PostmanRuntime/7.42.0"

info: ::1 - - [27/Sep/2024:06:59:34 +0000] "GET /api/v1/notes/getAllNotes HTTP/1.1" 202 739 "-" "PostmanRuntime/7.42.0"

info: ::1 - - [27/Sep/2024:06:59:59 +0000] "PUT /api/v1/notes/updateNote/1 HTTP/1.1" 202 287 "-" "PostmanRuntime/7.42.0"

info: ::1 - - [27/Sep/2024:07:00:13 +0000] "GET /api/v1/notes/getAllNotes HTTP/1.1" 202 730 "-" "PostmanRuntime/7.42.0"

info: ::1 - - [27/Sep/2024:07:00:34 +0000] "GET /api/v1/notes/getAllNotes HTTP/1.1" 202 739 "-" "PostmanRuntime/7.42.0"

info: ::1 - - [27/Sep/2024:07:49:59 +0000] "GET /api/v1/notes/getAllNotes HTTP/1.1" 202 739 "-" "PostmanRuntime/7.42.0"

info: ::1 - - [27/Sep/2024:07:50:01 +0000] "GET /api/v1/notes/getAllNotes HTTP/1.1" 202 739 "-" "PostmanRuntime/7.42.0"

info: ::1 - - [27/Sep/2024:07:50:23 +0000] "PUT /api/v1/notes/updateNote/1 HTTP/1.1" 202 283 "-" "PostmanRuntime/7.42.0"

info: ::1 - - [27/Sep/2024:07:50:39 +0000] "GET /api/v1/notes/getAllNotes HTTP/1.1" 500 35 "-" "PostmanRuntime/7.42.0"

info: ::1 - - [27/Sep/2024:07:51:02 +0000] "GET /api/v1/notes/getAllNotes HTTP/1.1" 500 35 "-" "PostmanRuntime/7.42.0"

info: ::1 - - [27/Sep/2024:07:53:35 +0000] "GET /api/v1/notes/getAllNotes HTTP/1.1" 202 726 "-" "PostmanRuntime/7.42.0"

info: ::1 - - [27/Sep/2024:07:55:31 +0000] "GET /api/v1/notes/getAllNotes HTTP/1.1" 202 735 "-" "PostmanRuntime/7.42.0"

info: ::1 - - [27/Sep/2024:07:55:59 +0000] "PUT /api/v1/notes/updateNote/1 HTTP/1.1" 202 284 "-" "PostmanRuntime/7.42.0"

info: ::1 - - [27/Sep/2024:07:56:04 +0000] "GET /api/v1/notes/getAllNotes HTTP/1.1" 500 35 "-" "PostmanRuntime/7.42.0"

info: ::1 - - [27/Sep/2024:08:41:39 +0000] "GET /api/v1/notes/getAllNotes HTTP/1.1" 500 35 "-" "PostmanRuntime/7.42.0"

info: ::1 - - [27/Sep/2024:08:42:02 +0000] "GET /api/v1/notes/getAllNotes HTTP/1.1" 500 35 "-" "PostmanRuntime/7.42.0"

info: ::1 - - [27/Sep/2024:08:42:11 +0000] "GET /api/v1/notes/getAllNotes HTTP/1.1" 202 727 "-" "PostmanRuntime/7.42.0"

info: ::1 - - [27/Sep/2024:08:43:43 +0000] "PUT /api/v1/notes/updateNote/1 HTTP/1.1" 202 285 "-" "PostmanRuntime/7.42.0"

info: ::1 - - [27/Sep/2024:08:43:56 +0000] "GET /api/v1/notes/getAllNotes HTTP/1.1" 500 35 "-" "PostmanRuntime/7.42.0"

info: ::1 - - [27/Sep/2024:08:44:39 +0000] "GET /api/v1/notes/getAllNotes HTTP/1.1" 202 728 "-" "PostmanRuntime/7.42.0"

info: ::1 - - [27/Sep/2024:08:48:44 +0000] "GET /api/v1/notes/getAllNotes HTTP/1.1" 202 737 "-" "PostmanRuntime/7.42.0"

info: ::1 - - [27/Sep/2024:08:48:58 +0000] "PUT /api/v1/notes/updateNote/1 HTTP/1.1" 202 286 "-" "PostmanRuntime/7.42.0"

info: ::1 - - [27/Sep/2024:08:49:04 +0000] "GET /api/v1/notes/getAllNotes HTTP/1.1" 202 729 "-" "PostmanRuntime/7.42.0"

info: ::1 - - [27/Sep/2024:08:50:05 +0000] "PUT /api/v1/notes/updateNote/1 HTTP/1.1" 202 283 "-" "PostmanRuntime/7.42.0"

info: ::1 - - [27/Sep/2024:08:50:11 +0000] "GET /api/v1/notes/getAllNotes HTTP/1.1" 500 35 "-" "PostmanRuntime/7.42.0"

info: ::1 - - [27/Sep/2024:08:51:09 +0000] "GET /api/v1/notes/getAllNotes HTTP/1.1" 500 35 "-" "PostmanRuntime/7.42.0"

info: ::1 - - [27/Sep/2024:08:53:16 +0000] "GET /api/v1/notes/getAllNotes HTTP/1.1" 202 502 "-" "PostmanRuntime/7.42.0"

info: ::1 - - [27/Sep/2024:08:54:18 +0000] "GET /api/v1/notes/getNoteById/1 HTTP/1.1" 202 511 "-" "PostmanRuntime/7.42.0"

info: ::1 - - [27/Sep/2024:09:03:47 +0000] "GET /api/v1/notes/getNoteById/1 HTTP/1.1" 202 511 "-" "PostmanRuntime/7.42.0"

info: ::1 - - [27/Sep/2024:09:04:45 +0000] "PUT /api/v1/notes/updateNote/1 HTTP/1.1" 202 285 "-" "PostmanRuntime/7.42.0"

info: ::1 - - [27/Sep/2024:09:04:59 +0000] "GET /api/v1/notes/getNoteById/1 HTTP/1.1" 400 59 "-" "PostmanRuntime/7.42.0"

info: ::1 - - [27/Sep/2024:09:05:14 +0000] "GET /api/v1/notes/getNoteById/1 HTTP/1.1" 400 59 "-" "PostmanRuntime/7.42.0"

info: ::1 - - [27/Sep/2024:09:11:07 +0000] "GET /api/v1/notes/getNoteById/1 HTTP/1.1" 400 59 "-" "PostmanRuntime/7.42.0"

info: ::1 - - [27/Sep/2024:09:11:13 +0000] "GET /api/v1/notes/getNoteById/2 HTTP/1.1" 202 282 "-" "PostmanRuntime/7.42.0"

info: ::1 - - [27/Sep/2024:09:11:23 +0000] "GET /api/v1/notes/getNoteById/2 HTTP/1.1" 202 289 "-" "PostmanRuntime/7.42.0"

info: ::1 - - [27/Sep/2024:09:11:33 +0000] "GET /api/v1/notes/getAllNotes HTTP/1.1" 202 289 "-" "PostmanRuntime/7.42.0"

info: ::1 - - [27/Sep/2024:09:11:43 +0000] "GET /api/v1/notes/getNoteById/2 HTTP/1.1" 202 289 "-" "PostmanRuntime/7.42.0"

info: ::1 - - [27/Sep/2024:09:11:47 +0000] "GET /api/v1/notes/getAllNotes HTTP/1.1" 202 289 "-" "PostmanRuntime/7.42.0"

info: ::1 - - [27/Sep/2024:12:18:29 +0000] "GET /api/v1/notes/getAllNotes HTTP/1.1" 202 289 "-" "PostmanRuntime/7.42.0"

info: ::1 - - [27/Sep/2024:12:21:12 +0000] "GET /api/v1/notes/getAllNotes HTTP/1.1" 202 289 "-" "PostmanRuntime/7.42.0"

