info: ::1 - - [25/Sep/2024:05:24:43 +0000] "POST /api/v1/notes/createNote HTTP/1.1" 500 1621 "-" "PostmanRuntime/7.42.0"

info: ::1 - - [25/Sep/2024:05:28:50 +0000] "POST /api/v1/notes/createNote HTTP/1.1" 400 56 "-" "PostmanRuntime/7.42.0"

info: ::1 - - [25/Sep/2024:05:28:56 +0000] "POST /api/v1/notes/createNote HTTP/1.1" 500 1621 "-" "PostmanRuntime/7.42.0"

info: ::1 - - [25/Sep/2024:05:30:00 +0000] "POST /api/v1/notes/createNote HTTP/1.1" 202 255 "-" "PostmanRuntime/7.42.0"

info: ::1 - - [25/Sep/2024:05:43:16 +0000] "POST /api/v1/notes/createNote HTTP/1.1" 202 255 "-" "PostmanRuntime/7.42.0"

info: ::1 - - [25/Sep/2024:05:54:08 +0000] "PUT /api/v1/notes/updateNote/3 HTTP/1.1" 500 56 "-" "PostmanRuntime/7.42.0"

info: ::1 - - [25/Sep/2024:05:58:53 +0000] "GET /api/v1/notes/updateNoteTrash/1 HTTP/1.1" 500 35 "-" "PostmanRuntime/7.42.0"

info: ::1 - - [25/Sep/2024:05:59:19 +0000] "GET /api/v1/notes/updateNoteTrash/1 HTTP/1.1" 500 97 "-" "PostmanRuntime/7.42.0"

info: ::1 - - [25/Sep/2024:05:59:50 +0000] "GET /api/v1/notes/updateNoteTrash/1 HTTP/1.1" 500 35 "-" "PostmanRuntime/7.42.0"

info: ::1 - - [25/Sep/2024:06:00:54 +0000] "GET /api/v1/notes/updateNoteTrash/1 HTTP/1.1" 202 254 "-" "PostmanRuntime/7.42.0"

info: ::1 - - [25/Sep/2024:06:01:07 +0000] "GET /api/v1/notes/updateNoteTrash/1 HTTP/1.1" 202 255 "-" "PostmanRuntime/7.42.0"

info: ::1 - - [25/Sep/2024:06:01:36 +0000] "PUT /api/v1/notes/updateNoteTrash/1 HTTP/1.1" 202 254 "-" "PostmanRuntime/7.42.0"

info: ::1 - - [25/Sep/2024:06:01:38 +0000] "PUT /api/v1/notes/updateNoteTrash/1 HTTP/1.1" 202 255 "-" "PostmanRuntime/7.42.0"

info: ::1 - - [25/Sep/2024:06:01:41 +0000] "PUT /api/v1/notes/updateNoteTrash/1 HTTP/1.1" 202 254 "-" "PostmanRuntime/7.42.0"

info: ::1 - - [25/Sep/2024:06:13:26 +0000] "PUT /api/v1/notes/updateNoteTrash/1 HTTP/1.1" 202 255 "-" "PostmanRuntime/7.42.0"

info: ::1 - - [25/Sep/2024:06:13:35 +0000] "PUT /api/v1/notes/updateNoteTrash/1 HTTP/1.1" 202 254 "-" "PostmanRuntime/7.42.0"

info: ::1 - - [25/Sep/2024:06:14:00 +0000] "PUT /api/v1/notes/updateNoteArchive/1 HTTP/1.1" 202 253 "-" "PostmanRuntime/7.42.0"

info: ::1 - - [25/Sep/2024:06:14:07 +0000] "PUT /api/v1/notes/updateNoteTrash/1 HTTP/1.1" 202 254 "-" "PostmanRuntime/7.42.0"

info: ::1 - - [25/Sep/2024:06:14:13 +0000] "PUT /api/v1/notes/updateNoteTrash/1 HTTP/1.1" 202 253 "-" "PostmanRuntime/7.42.0"

info: ::1 - - [25/Sep/2024:06:14:14 +0000] "PUT /api/v1/notes/updateNoteTrash/1 HTTP/1.1" 202 254 "-" "PostmanRuntime/7.42.0"

info: ::1 - - [25/Sep/2024:06:14:18 +0000] "PUT /api/v1/notes/updateNoteArchive/1 HTTP/1.1" 202 255 "-" "PostmanRuntime/7.42.0"

info: ::1 - - [25/Sep/2024:06:14:20 +0000] "PUT /api/v1/notes/updateNoteArchive/1 HTTP/1.1" 202 254 "-" "PostmanRuntime/7.42.0"

info: ::1 - - [25/Sep/2024:06:14:22 +0000] "PUT /api/v1/notes/updateNoteArchive/1 HTTP/1.1" 202 255 "-" "PostmanRuntime/7.42.0"

info: ::1 - - [25/Sep/2024:06:14:23 +0000] "PUT /api/v1/notes/updateNoteArchive/1 HTTP/1.1" 202 254 "-" "PostmanRuntime/7.42.0"

info: ::1 - - [25/Sep/2024:07:17:44 +0000] "PUT /api/v1/notes/updateNoteArchive/1 HTTP/1.1" 500 1097 "-" "PostmanRuntime/7.42.0"

info: ::1 - - [25/Sep/2024:07:19:25 +0000] "PUT /api/v1/notes/updateNoteArchive/1 HTTP/1.1" 500 58 "-" "PostmanRuntime/7.42.0"

info: ::1 - - [25/Sep/2024:07:20:00 +0000] "POST /api/v1/notes/createNote HTTP/1.1" 202 269 "-" "PostmanRuntime/7.42.0"

info: ::1 - - [25/Sep/2024:07:20:12 +0000] "PUT /api/v1/notes/updateNoteArchive/1 HTTP/1.1" 202 276 "-" "PostmanRuntime/7.42.0"

info: ::1 - - [25/Sep/2024:07:20:53 +0000] "PUT /api/v1/notes/updateNoteColour/1 HTTP/1.1" 202 276 "-" "PostmanRuntime/7.42.0"

info: ::1 - - [25/Sep/2024:07:21:05 +0000] "PUT /api/v1/notes/updateNoteColour/1 HTTP/1.1" 202 277 "-" "PostmanRuntime/7.42.0"

info: ::1 - - [25/Sep/2024:09:06:55 +0000] "DELETE /api/v1/notes/deleteNote/1 HTTP/1.1" 500 35 "-" "PostmanRuntime/7.42.0"

info: ::1 - - [25/Sep/2024:09:07:22 +0000] "DELETE /api/v1/notes/deleteNote/1 HTTP/1.1" 500 35 "-" "PostmanRuntime/7.42.0"

info: ::1 - - [25/Sep/2024:09:08:09 +0000] "DELETE /api/v1/notes/deleteNote/1 HTTP/1.1" 202 276 "-" "PostmanRuntime/7.42.0"

info: ::1 - - [25/Sep/2024:09:10:46 +0000] "PUT /api/v1/notes/updateNoteTrash/1 HTTP/1.1" 202 277 "-" "PostmanRuntime/7.42.0"

info: ::1 - - [25/Sep/2024:09:10:51 +0000] "PUT /api/v1/notes/updateNoteColour/1 HTTP/1.1" 202 277 "-" "PostmanRuntime/7.42.0"

info: ::1 - - [25/Sep/2024:09:11:04 +0000] "DELETE /api/v1/notes/deleteNote/1 HTTP/1.1" 202 276 "-" "PostmanRuntime/7.42.0"

info: ::1 - - [25/Sep/2024:09:11:15 +0000] "DELETE /api/v1/notes/deleteNote/1 HTTP/1.1" 500 35 "-" "PostmanRuntime/7.42.0"

info: ::1 - - [25/Sep/2024:09:12:18 +0000] "GET /api/v1/notes/getAllNotes HTTP/1.1" 400 59 "-" "PostmanRuntime/7.42.0"

info: ::1 - - [25/Sep/2024:09:15:26 +0000] "GET /api/v1/notes/getNoteById/1 HTTP/1.1" 400 59 "-" "PostmanRuntime/7.42.0"

info: ::1 - - [25/Sep/2024:09:16:37 +0000] "POST /api/v1/notes/createNote HTTP/1.1" 202 269 "-" "PostmanRuntime/7.42.0"

info: ::1 - - [25/Sep/2024:09:23:15 +0000] "POST /api/v1/users/login HTTP/1.1" 201 214 "-" "PostmanRuntime/7.42.0"

info: ::1 - - [25/Sep/2024:09:23:26 +0000] "DELETE /api/v1/notes/deleteNote/1 HTTP/1.1" 500 58 "-" "PostmanRuntime/7.42.0"

info: ::1 - - [25/Sep/2024:09:24:54 +0000] "POST /api/v1/users/login HTTP/1.1" 201 214 "-" "PostmanRuntime/7.42.0"

info: ::1 - - [25/Sep/2024:09:25:38 +0000] "DELETE /api/v1/notes/deleteNote/1 HTTP/1.1" 500 58 "-" "PostmanRuntime/7.42.0"

info: ::1 - - [25/Sep/2024:09:26:01 +0000] "PUT /api/v1/notes/updateNoteTrash/1 HTTP/1.1" 500 58 "-" "PostmanRuntime/7.42.0"

info: ::1 - - [25/Sep/2024:09:26:09 +0000] "PUT /api/v1/notes/updateNoteTrash/2 HTTP/1.1" 202 274 "-" "PostmanRuntime/7.42.0"

info: ::1 - - [25/Sep/2024:09:26:11 +0000] "PUT /api/v1/notes/updateNoteTrash/2 HTTP/1.1" 202 275 "-" "PostmanRuntime/7.42.0"

info: ::1 - - [25/Sep/2024:09:26:17 +0000] "PUT /api/v1/notes/updateNoteArchive/2 HTTP/1.1" 202 276 "-" "PostmanRuntime/7.42.0"

info: ::1 - - [25/Sep/2024:09:26:25 +0000] "DELETE /api/v1/notes/deleteNote/2 HTTP/1.1" 202 273 "-" "PostmanRuntime/7.42.0"

info: ::1 - - [25/Sep/2024:09:27:58 +0000] "DELETE /api/v1/notes/deleteNote/2 HTTP/1.1" 500 35 "-" "PostmanRuntime/7.42.0"

info: ::1 - - [25/Sep/2024:09:33:15 +0000] "POST /api/v1/notes/createNote HTTP/1.1" 202 269 "-" "PostmanRuntime/7.42.0"

info: ::1 - - [25/Sep/2024:09:33:53 +0000] "DELETE /api/v1/notes/deleteNote/3 HTTP/1.1" 500 52 "-" "PostmanRuntime/7.42.0"

info: ::1 - - [25/Sep/2024:09:34:10 +0000] "DELETE /api/v1/notes/deleteNote/3 HTTP/1.1" 500 52 "-" "PostmanRuntime/7.42.0"

info: ::1 - - [25/Sep/2024:09:38:44 +0000] "DELETE /api/v1/notes/deleteNote/3 HTTP/1.1" 500 52 "-" "PostmanRuntime/7.42.0"

info: ::1 - - [25/Sep/2024:09:40:11 +0000] "DELETE /api/v1/notes/deleteNote/3 HTTP/1.1" 500 52 "-" "PostmanRuntime/7.42.0"

info: ::1 - - [25/Sep/2024:09:43:08 +0000] "DELETE /api/v1/notes/deleteNote/3 HTTP/1.1" 500 52 "-" "PostmanRuntime/7.42.0"

info: ::1 - - [25/Sep/2024:09:43:14 +0000] "GET /api/v1/notes/getAllNotes HTTP/1.1" 400 59 "-" "PostmanRuntime/7.42.0"

info: ::1 - - [25/Sep/2024:09:43:23 +0000] "GET /api/v1/notes/getAllNotes HTTP/1.1" 202 272 "-" "PostmanRuntime/7.42.0"

info: ::1 - - [25/Sep/2024:09:43:44 +0000] "DELETE /api/v1/notes/deleteNote/3 HTTP/1.1" 202 274 "-" "PostmanRuntime/7.42.0"

info: ::1 - - [25/Sep/2024:09:43:49 +0000] "DELETE /api/v1/notes/deleteNote/3 HTTP/1.1" 200 60 "-" "PostmanRuntime/7.42.0"

info: ::1 - - [25/Sep/2024:11:26:21 +0000] "POST /api/v1/users HTTP/1.1" 500 35 "-" "PostmanRuntime/7.42.0"

info: ::1 - - [25/Sep/2024:11:26:51 +0000] "POST /api/v1/users HTTP/1.1" 500 35 "-" "PostmanRuntime/7.42.0"

info: ::1 - - [25/Sep/2024:11:29:31 +0000] "POST /api/v1/users HTTP/1.1" 500 35 "-" "PostmanRuntime/7.42.0"

info: ::1 - - [25/Sep/2024:11:29:34 +0000] "POST /api/v1/users HTTP/1.1" 500 35 "-" "PostmanRuntime/7.42.0"

info: ::1 - - [25/Sep/2024:11:31:00 +0000] "POST /api/v1/users HTTP/1.1" 500 35 "-" "PostmanRuntime/7.42.0"

info: ::1 - - [25/Sep/2024:11:31:32 +0000] "POST /api/v1/users HTTP/1.1" 500 35 "-" "PostmanRuntime/7.42.0"

info: ::1 - - [25/Sep/2024:11:32:07 +0000] "POST /api/v1/users HTTP/1.1" 500 35 "-" "PostmanRuntime/7.42.0"

info: ::1 - - [25/Sep/2024:11:33:37 +0000] "POST /api/v1/users HTTP/1.1" 202 299 "-" "PostmanRuntime/7.42.0"

info: ::1 - - [25/Sep/2024:11:38:08 +0000] "POST /api/v1/users HTTP/1.1" 400 59 "-" "PostmanRuntime/7.42.0"

info: ::1 - - [25/Sep/2024:11:39:33 +0000] "POST /api/v1/users HTTP/1.1" 500 992 "-" "PostmanRuntime/7.42.0"

info: ::1 - - [25/Sep/2024:11:39:54 +0000] "POST /api/v1/users HTTP/1.1" 400 72 "-" "PostmanRuntime/7.42.0"

info: ::1 - - [25/Sep/2024:11:40:54 +0000] "POST /api/v1/users HTTP/1.1" 400 72 "-" "PostmanRuntime/7.42.0"

info: ::1 - - [25/Sep/2024:11:43:08 +0000] "POST /api/v1/users HTTP/1.1" 400 72 "-" "PostmanRuntime/7.42.0"

info: ::1 - - [25/Sep/2024:11:47:07 +0000] "POST /api/v1/users HTTP/1.1" 400 72 "-" "PostmanRuntime/7.42.0"

info: ::1 - - [25/Sep/2024:11:48:07 +0000] "POST /api/v1/users HTTP/1.1" 400 72 "-" "PostmanRuntime/7.42.0"

info: ::1 - - [25/Sep/2024:11:48:35 +0000] "POST /api/v1/users HTTP/1.1" 400 324 "-" "PostmanRuntime/7.42.0"

info: ::1 - - [25/Sep/2024:11:52:06 +0000] "POST /api/v1/users HTTP/1.1" 500 35 "-" "PostmanRuntime/7.42.0"

info: ::1 - - [25/Sep/2024:12:03:38 +0000] "POST /api/v1/users HTTP/1.1" 500 35 "-" "PostmanRuntime/7.42.0"

info: ::1 - - [25/Sep/2024:12:17:58 +0000] "POST /api/v1/users HTTP/1.1" 202 299 "-" "PostmanRuntime/7.42.0"

info: ::1 - - [25/Sep/2024:12:28:06 +0000] "POST /api/v1/users HTTP/1.1" 500 992 "-" "PostmanRuntime/7.42.0"

info: ::1 - - [25/Sep/2024:12:28:29 +0000] "POST /api/v1/users HTTP/1.1" 202 299 "-" "PostmanRuntime/7.42.0"

info: ::1 - - [25/Sep/2024:12:29:11 +0000] "POST /api/v1/users HTTP/1.1" 400 59 "-" "PostmanRuntime/7.42.0"

info: ::1 - - [25/Sep/2024:12:39:03 +0000] "POST /api/v1/users HTTP/1.1" 202 309 "-" "PostmanRuntime/7.42.0"

