info: ::1 - - [21/Sep/2024:06:25:39 +0000] "POST /api/v1/users HTTP/1.1" 400 59 "-" "PostmanRuntime/7.42.0"

info: ::1 - - [21/Sep/2024:06:25:48 +0000] "POST /api/v1/users HTTP/1.1" 500 66 "-" "PostmanRuntime/7.42.0"

info: ::1 - - [21/Sep/2024:06:26:43 +0000] "POST /api/v1/users HTTP/1.1" 202 291 "-" "PostmanRuntime/7.42.0"

info: ::1 - - [21/Sep/2024:06:27:28 +0000] "POST /api/v1/users/login HTTP/1.1" 201 215 "-" "PostmanRuntime/7.42.0"

info: ::1 - - [21/Sep/2024:06:27:42 +0000] "POST /api/v1/users/login HTTP/1.1" 400 61 "-" "PostmanRuntime/7.42.0"

info: ::1 - - [21/Sep/2024:06:27:56 +0000] "POST /api/v1/users/login HTTP/1.1" 400 61 "-" "PostmanRuntime/7.42.0"

info: ::1 - - [21/Sep/2024:06:28:11 +0000] "POST /api/v1/users/forgetPassword HTTP/1.1" 202 55 "-" "PostmanRuntime/7.42.0"

info: ::1 - - [21/Sep/2024:08:09:54 +0000] "POST /api/v1/users/resetPassword HTTP/1.1" 500 35 "-" "PostmanRuntime/7.42.0"

info: ::1 - - [21/Sep/2024:08:10:34 +0000] "POST /api/v1/users/resetPassword HTTP/1.1" 500 35 "-" "PostmanRuntime/7.42.0"

info: ::1 - - [21/Sep/2024:08:10:53 +0000] "POST /api/v1/users/resetPassword HTTP/1.1" 500 35 "-" "PostmanRuntime/7.42.0"

info: ::1 - - [21/Sep/2024:08:13:44 +0000] "POST /api/v1/users/resetPassword HTTP/1.1" 500 35 "-" "PostmanRuntime/7.42.0"

info: ::1 - - [21/Sep/2024:08:14:01 +0000] "POST /api/v1/users/resetPassword HTTP/1.1" 500 35 "-" "PostmanRuntime/7.42.0"

info: ::1 - - [21/Sep/2024:08:14:05 +0000] "POST /api/v1/users/forgetPassword HTTP/1.1" 202 55 "-" "PostmanRuntime/7.42.0"

info: ::1 - - [21/Sep/2024:08:17:30 +0000] "POST /api/v1/users/resetPassword HTTP/1.1" 500 35 "-" "PostmanRuntime/7.42.0"

info: ::1 - - [21/Sep/2024:08:19:13 +0000] "POST /api/v1/users/resetPassword HTTP/1.1" 500 35 "-" "PostmanRuntime/7.42.0"

info: ::1 - - [21/Sep/2024:08:20:31 +0000] "POST /api/v1/users/resetPassword HTTP/1.1" 500 35 "-" "PostmanRuntime/7.42.0"

info: ::1 - - [21/Sep/2024:08:21:11 +0000] "POST /api/v1/users/resetPassword HTTP/1.1" 500 35 "-" "PostmanRuntime/7.42.0"

info: ::1 - - [21/Sep/2024:08:22:02 +0000] "POST /api/v1/users/resetPassword HTTP/1.1" 500 35 "-" "PostmanRuntime/7.42.0"

info: ::1 - - [21/Sep/2024:08:47:15 +0000] "POST /api/v1/users/resetPassword HTTP/1.1" 500 35 "-" "PostmanRuntime/7.42.0"

info: ::1 - - [21/Sep/2024:08:47:55 +0000] "POST /api/v1/users/resetPassword HTTP/1.1" 400 58 "-" "PostmanRuntime/7.42.0"

info: ::1 - - [21/Sep/2024:08:48:56 +0000] "POST /api/v1/users/resetPassword HTTP/1.1" 400 51 "-" "PostmanRuntime/7.42.0"

info: ::1 - - [21/Sep/2024:08:49:16 +0000] "POST /api/v1/users/resetPassword HTTP/1.1" 400 51 "-" "PostmanRuntime/7.42.0"

info: ::1 - - [21/Sep/2024:08:49:20 +0000] "POST /api/v1/users/forgetPassword HTTP/1.1" 202 55 "-" "PostmanRuntime/7.42.0"

info: ::1 - - [21/Sep/2024:08:49:31 +0000] "POST /api/v1/users/resetPassword HTTP/1.1" 400 51 "-" "PostmanRuntime/7.42.0"

info: ::1 - - [21/Sep/2024:08:52:55 +0000] "POST /api/v1/users/resetPassword HTTP/1.1" 400 51 "-" "PostmanRuntime/7.42.0"

info: ::1 - - [21/Sep/2024:08:54:01 +0000] "POST /api/v1/users/resetPassword HTTP/1.1" 202 298 "-" "PostmanRuntime/7.42.0"

info: ::1 - - [21/Sep/2024:08:54:19 +0000] "POST /api/v1/users/login HTTP/1.1" 400 61 "-" "PostmanRuntime/7.42.0"

info: ::1 - - [21/Sep/2024:08:55:35 +0000] "POST /api/v1/users/login HTTP/1.1" 400 61 "-" "PostmanRuntime/7.42.0"

info: ::1 - - [21/Sep/2024:08:55:40 +0000] "POST /api/v1/users/login HTTP/1.1" 400 61 "-" "PostmanRuntime/7.42.0"

info: ::1 - - [21/Sep/2024:08:55:47 +0000] "POST /api/v1/users/login HTTP/1.1" 201 215 "-" "PostmanRuntime/7.42.0"

info: ::1 - - [21/Sep/2024:08:55:56 +0000] "POST /api/v1/users/forgetPassword HTTP/1.1" 202 55 "-" "PostmanRuntime/7.42.0"

info: ::1 - - [21/Sep/2024:08:56:22 +0000] "POST /api/v1/users/resetPassword HTTP/1.1" 202 298 "-" "PostmanRuntime/7.42.0"

info: ::1 - - [21/Sep/2024:08:56:28 +0000] "POST /api/v1/users/login HTTP/1.1" 400 61 "-" "PostmanRuntime/7.42.0"

info: ::1 - - [21/Sep/2024:08:56:36 +0000] "POST /api/v1/users/login HTTP/1.1" 400 61 "-" "PostmanRuntime/7.42.0"

info: ::1 - - [21/Sep/2024:08:56:45 +0000] "POST /api/v1/users/login HTTP/1.1" 201 215 "-" "PostmanRuntime/7.42.0"

info: ::1 - - [21/Sep/2024:09:08:39 +0000] "POST /api/v1/users/resetPassword/ritik5@gmail.com HTTP/1.1" 404 47 "-" "PostmanRuntime/7.42.0"

info: ::1 - - [21/Sep/2024:09:14:00 +0000] "POST /api/v1/users/resetPassword/ritik5@gmail.com HTTP/1.1" 202 298 "-" "PostmanRuntime/7.42.0"

info: ::1 - - [21/Sep/2024:09:14:50 +0000] "POST /api/v1/users/resetPassword/ritik5@gmail.comeded HTTP/1.1" 400 58 "-" "PostmanRuntime/7.42.0"

info: ::1 - - [21/Sep/2024:09:14:55 +0000] "POST /api/v1/users/resetPassword/ritik5@gmail.com HTTP/1.1" 202 298 "-" "PostmanRuntime/7.42.0"

