info: ::1 - - [23/Sep/2024:07:44:49 +0000] "POST /api/v1/users/createNote HTTP/1.1" 404 47 "-" "PostmanRuntime/7.42.0"

info: ::1 - - [23/Sep/2024:07:49:47 +0000] "POST /api/v1/notes/createNote HTTP/1.1" 202 201 "-" "PostmanRuntime/7.42.0"

info: ::1 - - [23/Sep/2024:08:39:03 +0000] "POST /api/v1/notes/createNote HTTP/1.1" 500 77 "-" "PostmanRuntime/7.42.0"

info: ::1 - - [23/Sep/2024:09:08:17 +0000] "GET /api/v1/notes/getAllNotes HTTP/1.1" 202 204 "-" "PostmanRuntime/7.42.0"

info: ::1 - - [23/Sep/2024:09:09:12 +0000] "POST /api/v1/notes/createNote HTTP/1.1" 202 204 "-" "PostmanRuntime/7.42.0"

info: ::1 - - [23/Sep/2024:09:09:21 +0000] "GET /api/v1/notes/getAllNotes HTTP/1.1" 202 349 "-" "PostmanRuntime/7.42.0"

info: ::1 - - [23/Sep/2024:09:44:49 +0000] "GET /api/v1/notes/getNoteById/1 HTTP/1.1" 202 204 "-" "PostmanRuntime/7.42.0"

info: ::1 - - [23/Sep/2024:09:44:55 +0000] "GET /api/v1/notes/getNoteById/2 HTTP/1.1" 202 207 "-" "PostmanRuntime/7.42.0"

info: ::1 - - [23/Sep/2024:10:50:01 +0000] "DELETE /api/v1/notes/createNote/2 HTTP/1.1" 404 47 "-" "PostmanRuntime/7.42.0"

info: ::1 - - [23/Sep/2024:10:50:18 +0000] "DELETE /api/v1/notes/updateNote/2 HTTP/1.1" 404 47 "-" "PostmanRuntime/7.42.0"

info: ::1 - - [23/Sep/2024:10:50:58 +0000] "PUT /api/v1/notes/updateNote/2 HTTP/1.1" 202 208 "-" "PostmanRuntime/7.42.0"

info: ::1 - - [23/Sep/2024:10:51:08 +0000] "PUT /api/v1/notes/updateNote/3 HTTP/1.1" 500 58 "-" "PostmanRuntime/7.42.0"

info: ::1 - - [23/Sep/2024:11:01:19 +0000] "PUT /api/v1/notes/updateNote/3 HTTP/1.1" 500 58 "-" "PostmanRuntime/7.42.0"

info: ::1 - - [23/Sep/2024:11:01:24 +0000] "PUT /api/v1/notes/updateNote/2 HTTP/1.1" 202 208 "-" "PostmanRuntime/7.42.0"

info: ::1 - - [23/Sep/2024:11:54:48 +0000] "DELETE /api/v1/notes/deleteNote/2 HTTP/1.1" 202 61 "-" "PostmanRuntime/7.42.0"

info: ::1 - - [23/Sep/2024:11:55:02 +0000] "GET /api/v1/notes/getAllNotes HTTP/1.1" 202 204 "-" "PostmanRuntime/7.42.0"

info: ::1 - - [23/Sep/2024:11:55:54 +0000] "DELETE /api/v1/notes/deleteNote/3 HTTP/1.1" 500 58 "-" "PostmanRuntime/7.42.0"

info: ::1 - - [23/Sep/2024:12:06:30 +0000] "POST /api/v1/notes/updateNote/2 HTTP/1.1" 404 47 "-" "PostmanRuntime/7.42.0"

info: ::1 - - [23/Sep/2024:12:07:09 +0000] "GET /api/v1/notes/getAllNotes HTTP/1.1" 202 204 "-" "PostmanRuntime/7.42.0"

info: ::1 - - [23/Sep/2024:12:07:16 +0000] "POST /api/v1/notes/updateNote/2 HTTP/1.1" 404 47 "-" "PostmanRuntime/7.42.0"

info: ::1 - - [23/Sep/2024:12:08:58 +0000] "POST /api/v1/notes/updateNote/1 HTTP/1.1" 404 47 "-" "PostmanRuntime/7.42.0"

info: ::1 - - [23/Sep/2024:12:12:57 +0000] "POST /api/v1/notes/updateNote/1 HTTP/1.1" 404 47 "-" "PostmanRuntime/7.42.0"

info: ::1 - - [23/Sep/2024:12:13:08 +0000] "PUT /api/v1/notes/updateNote/1 HTTP/1.1" 202 204 "-" "PostmanRuntime/7.42.0"

info: ::1 - - [23/Sep/2024:12:13:19 +0000] "PUT /api/v1/notes/updateNote/2 HTTP/1.1" 500 35 "-" "PostmanRuntime/7.42.0"

info: ::1 - - [23/Sep/2024:12:13:38 +0000] "PUT /api/v1/notes/updateNote/2 HTTP/1.1" 500 58 "-" "PostmanRuntime/7.42.0"

info: ::1 - - [23/Sep/2024:12:14:49 +0000] "PUT /api/v1/notes/updateNote/2 HTTP/1.1" 500 58 "-" "PostmanRuntime/7.42.0"

info: ::1 - - [23/Sep/2024:12:14:55 +0000] "PUT /api/v1/notes/updateNote/1 HTTP/1.1" 202 179 "-" "PostmanRuntime/7.42.0"

info: ::1 - - [23/Sep/2024:12:15:25 +0000] "PUT /api/v1/notes/updateNote/1 HTTP/1.1" 500 77 "-" "PostmanRuntime/7.42.0"

info: ::1 - - [23/Sep/2024:12:16:27 +0000] "PUT /api/v1/notes/updateNote/1 HTTP/1.1" 202 203 "-" "PostmanRuntime/7.42.0"

