info: Server started at http://localhost:3000/api/v1/ {"timestamp":"2024-09-21T06:25:21.089Z"}
info: Connected to the database. {"timestamp":"2024-09-21T06:25:21.306Z"}
error: 
    status - 500 
    message - ValidationError: "email" must be a valid email 
    url - /api/v1/users 
    method - POST 
    IP - ::1
   {"timestamp":"2024-09-21T06:25:48.605Z"}
info: Server started at http://localhost:3000/api/v1/ {"timestamp":"2024-09-21T06:29:34.251Z"}
info: Connected to the database. {"timestamp":"2024-09-21T06:29:34.368Z"}
info: Server started at http://localhost:3000/api/v1/ {"timestamp":"2024-09-21T07:55:43.172Z"}
info: Connected to the database. {"timestamp":"2024-09-21T07:55:43.300Z"}
info: Server started at http://localhost:3000/api/v1/ {"timestamp":"2024-09-21T07:56:17.802Z"}
info: Connected to the database. {"timestamp":"2024-09-21T07:56:17.949Z"}
info: Server started at http://localhost:3000/api/v1/ {"timestamp":"2024-09-21T08:03:04.330Z"}
info: Connected to the database. {"timestamp":"2024-09-21T08:03:04.447Z"}
info: Server started at http://localhost:3000/api/v1/ {"timestamp":"2024-09-21T08:03:33.623Z"}
info: Connected to the database. {"timestamp":"2024-09-21T08:03:33.763Z"}
info: Server started at http://localhost:3000/api/v1/ {"timestamp":"2024-09-21T08:03:49.056Z"}
info: Connected to the database. {"timestamp":"2024-09-21T08:03:49.168Z"}
info: Server started at http://localhost:3000/api/v1/ {"timestamp":"2024-09-21T08:12:17.290Z"}
info: Connected to the database. {"timestamp":"2024-09-21T08:12:17.446Z"}
info: Server started at http://localhost:3000/api/v1/ {"timestamp":"2024-09-21T08:12:29.853Z"}
info: Connected to the database. {"timestamp":"2024-09-21T08:12:29.994Z"}
info: Server started at http://localhost:3000/api/v1/ {"timestamp":"2024-09-21T08:15:08.145Z"}
info: Connected to the database. {"timestamp":"2024-09-21T08:15:08.385Z"}
info: Server started at http://localhost:3000/api/v1/ {"timestamp":"2024-09-21T08:19:46.388Z"}
info: Connected to the database. {"timestamp":"2024-09-21T08:19:46.539Z"}
info: Server started at http://localhost:3000/api/v1/ {"timestamp":"2024-09-21T08:21:08.401Z"}
info: Connected to the database. {"timestamp":"2024-09-21T08:21:08.637Z"}
info: Server started at http://localhost:3000/api/v1/ {"timestamp":"2024-09-21T08:21:58.113Z"}
info: Connected to the database. {"timestamp":"2024-09-21T08:21:58.244Z"}
info: Server started at http://localhost:3000/api/v1/ {"timestamp":"2024-09-21T08:47:04.483Z"}
info: Connected to the database. {"timestamp":"2024-09-21T08:47:04.603Z"}
info: Server started at http://localhost:3000/api/v1/ {"timestamp":"2024-09-21T08:47:52.903Z"}
info: Connected to the database. {"timestamp":"2024-09-21T08:47:53.010Z"}
info: Server started at http://localhost:3000/api/v1/ {"timestamp":"2024-09-21T08:48:12.037Z"}
info: Connected to the database. {"timestamp":"2024-09-21T08:48:12.287Z"}
info: Server started at http://localhost:3000/api/v1/ {"timestamp":"2024-09-21T08:52:49.581Z"}
info: Connected to the database. {"timestamp":"2024-09-21T08:52:49.712Z"}
info: Server started at http://localhost:3000/api/v1/ {"timestamp":"2024-09-21T08:53:51.006Z"}
info: Connected to the database. {"timestamp":"2024-09-21T08:53:51.155Z"}
info: Server started at http://localhost:3000/api/v1/ {"timestamp":"2024-09-21T09:04:56.754Z"}
info: Connected to the database. {"timestamp":"2024-09-21T09:04:56.873Z"}
info: Server started at http://localhost:3000/api/v1/ {"timestamp":"2024-09-21T09:05:10.483Z"}
info: Connected to the database. {"timestamp":"2024-09-21T09:05:10.600Z"}
info: Server started at http://localhost:3000/api/v1/ {"timestamp":"2024-09-21T09:06:25.164Z"}
info: Connected to the database. {"timestamp":"2024-09-21T09:06:25.290Z"}
info: Server started at http://localhost:3000/api/v1/ {"timestamp":"2024-09-21T09:07:22.623Z"}
info: Connected to the database. {"timestamp":"2024-09-21T09:07:22.764Z"}
info: Server started at http://localhost:3000/api/v1/ {"timestamp":"2024-09-21T09:08:50.570Z"}
info: Connected to the database. {"timestamp":"2024-09-21T09:08:50.684Z"}
info: Server started at http://localhost:3000/api/v1/ {"timestamp":"2024-09-21T09:13:39.005Z"}
info: Connected to the database. {"timestamp":"2024-09-21T09:13:39.129Z"}
