<<<<<<< HEAD
info: Server started at http://localhost:3000/api/v1/ {"timestamp":"2024-09-23T08:44:06.009Z"}
info: Connected to the database. {"timestamp":"2024-09-23T08:44:06.120Z"}
=======
info: Server started at http://localhost:3000/api/v1/ {"timestamp":"2024-09-23T07:39:34.505Z"}
info: Connected to the database. {"timestamp":"2024-09-23T07:39:34.648Z"}
info: Server started at http://localhost:3000/api/v1/ {"timestamp":"2024-09-23T07:49:29.474Z"}
info: Connected to the database. {"timestamp":"2024-09-23T07:49:29.724Z"}
info: Server started at http://localhost:3000/api/v1/ {"timestamp":"2024-09-23T07:56:32.809Z"}
info: Connected to the database. {"timestamp":"2024-09-23T07:56:32.931Z"}
info: Connected to the database. {"timestamp":"2024-09-23T07:57:00.110Z"}
info: Connected to the database. {"timestamp":"2024-09-23T07:57:22.749Z"}
info: Connected to the database. {"timestamp":"2024-09-23T08:00:21.452Z"}
info: Connected to the database. {"timestamp":"2024-09-23T08:02:10.383Z"}
info: Connected to the database. {"timestamp":"2024-09-23T08:02:12.155Z"}
info: Connected to the database. {"timestamp":"2024-09-23T08:02:17.461Z"}
info: Connected to the database. {"timestamp":"2024-09-23T08:02:32.713Z"}
info: Connected to the database. {"timestamp":"2024-09-23T08:02:56.030Z"}
info: Connected to the database. {"timestamp":"2024-09-23T08:30:48.259Z"}
info: Server started at http://localhost:3000/api/v1/ {"timestamp":"2024-09-23T08:31:38.795Z"}
info: Server started at http://localhost:3000/api/v1/ {"timestamp":"2024-09-23T08:31:40.184Z"}
info: Connected to the database. {"timestamp":"2024-09-23T08:31:40.278Z"}
error: 
    status - 500 
    message - ValidationError: "description" is not allowed to be empty 
    url - /api/v1/notes/createNote 
    method - POST 
    IP - ::1
   {"timestamp":"2024-09-23T08:39:03.706Z"}
>>>>>>> createNote
info: Server started at http://localhost:3000/api/v1/ {"timestamp":"2024-09-23T08:47:24.732Z"}
info: Connected to the database. {"timestamp":"2024-09-23T08:47:24.883Z"}
<<<<<<< HEAD
info: Server started at http://localhost:3000/api/v1/ {"timestamp":"2024-09-23T09:12:37.095Z"}
info: Connected to the database. {"timestamp":"2024-09-23T09:12:37.205Z"}
=======
info: Connected to the database. {"timestamp":"2024-09-23T09:00:05.112Z"}
info: Connected to the database. {"timestamp":"2024-09-23T09:06:05.625Z"}
info: Connected to the database. {"timestamp":"2024-09-23T09:06:13.188Z"}
info: Connected to the database. {"timestamp":"2024-09-23T09:06:41.469Z"}
info: Server started at http://localhost:3000/api/v1/ {"timestamp":"2024-09-23T09:06:45.761Z"}
info: Connected to the database. {"timestamp":"2024-09-23T09:06:45.857Z"}
info: Server started at http://localhost:3000/api/v1/ {"timestamp":"2024-09-23T09:06:54.295Z"}
info: Connected to the database. {"timestamp":"2024-09-23T09:06:54.424Z"}
>>>>>>> getAllNotes
info: Server started at http://localhost:3000/api/v1/ {"timestamp":"2024-09-23T09:16:39.304Z"}
info: Connected to the database. {"timestamp":"2024-09-23T09:16:39.454Z"}
info: Server started at http://localhost:3000/api/v1/ {"timestamp":"2024-09-23T09:16:47.049Z"}
info: Connected to the database. {"timestamp":"2024-09-23T09:16:47.188Z"}
info: Connected to the database. {"timestamp":"2024-09-23T09:29:54.321Z"}
info: Server started at http://localhost:3000/api/v1/ {"timestamp":"2024-09-23T09:30:50.535Z"}
info: Connected to the database. {"timestamp":"2024-09-23T09:30:50.641Z"}
info: Server started at http://localhost:3000/api/v1/ {"timestamp":"2024-09-23T09:30:52.065Z"}
info: Connected to the database. {"timestamp":"2024-09-23T09:30:52.189Z"}
info: Server started at http://localhost:3000/api/v1/ {"timestamp":"2024-09-23T09:32:22.309Z"}
info: Connected to the database. {"timestamp":"2024-09-23T09:32:22.418Z"}
info: Server started at http://localhost:3000/api/v1/ {"timestamp":"2024-09-23T09:39:52.410Z"}
info: Connected to the database. {"timestamp":"2024-09-23T09:39:52.527Z"}
info: Server started at http://localhost:3000/api/v1/ {"timestamp":"2024-09-23T09:40:21.579Z"}
info: Server started at http://localhost:3000/api/v1/ {"timestamp":"2024-09-23T09:40:22.987Z"}
info: Connected to the database. {"timestamp":"2024-09-23T09:40:23.107Z"}
info: Server started at http://localhost:3000/api/v1/ {"timestamp":"2024-09-23T09:42:19.861Z"}
info: Connected to the database. {"timestamp":"2024-09-23T09:42:19.979Z"}
info: Server started at http://localhost:3000/api/v1/ {"timestamp":"2024-09-23T09:44:14.757Z"}
info: Connected to the database. {"timestamp":"2024-09-23T09:44:14.867Z"}
info: Server started at http://localhost:3000/api/v1/ {"timestamp":"2024-09-23T09:44:36.181Z"}
info: Server started at http://localhost:3000/api/v1/ {"timestamp":"2024-09-23T09:44:37.854Z"}
info: Connected to the database. {"timestamp":"2024-09-23T09:44:37.980Z"}
info: Server started at http://localhost:3000/api/v1/ {"timestamp":"2024-09-23T09:44:40.979Z"}
info: Connected to the database. {"timestamp":"2024-09-23T09:44:41.104Z"}
